2024-03-26 12:19:22 [right meow!] info: 
2024-03-26 12:19:31 [right meow!] info: Successfully started the server,
2024-03-26 12:19:41 [right meow!] info: Successfully started the server,root 
2024-03-26 12:19:43 [right meow!] info: Successfully started the server,root ,
2024-03-26 12:19:45 [right meow!] info: Successfully started the server,root ,{
2024-03-26 12:19:47 [right meow!] info: Successfully started the server,root ,{}
2024-03-26 12:19:57 [right meow!] info: Successfully started the server@,root ,{}
2024-03-26 12:19:59 [right meow!] info: Successfully started the server,root ,{}
2024-03-26 12:20:09 [right meow!] info: Successfully started the server
2024-03-26 13:32:27 [right meow!] info: Successfully started the server
2024-03-26 13:33:02 [right meow!] info: Successfully started the server
2024-03-26 13:37:55 [right meow!] info: Successfully started the server
2024-03-26 13:39:59 [right meow!] info: Successfully started the server
2024-03-26 13:57:21 [right meow!] info: Successfully started the server
2024-03-26 13:57:22 [right meow!] info: Successfully started the server
2024-03-26 13:57:24 [right meow!] info: Successfully started the server
2024-03-26 13:57:25 [right meow!] info: Successfully started the server
2024-03-26 13:57:28 [right meow!] info: Successfully started the server
2024-03-27 11:10:31 [right meow!] info: Successfully started the server
2024-03-27 13:39:51 [right meow!] info: Successfully started the server
2024-03-27 13:41:31 [right meow!] info: Successfully started the server
2024-03-27 13:41:37 [right meow!] info: Successfully started the server
2024-03-27 13:41:39 [right meow!] info: Successfully started the server
2024-03-27 13:41:47 [right meow!] info: Successfully started the server
2024-03-27 13:41:59 [right meow!] info: Successfully started the server
2024-03-27 13:42:01 [right meow!] info: Successfully started the server
2024-03-27 13:42:02 [right meow!] info: Successfully started the server
2024-03-27 13:42:06 [right meow!] info: Successfully started the server
2024-03-27 13:42:13 [right meow!] info: Successfully started the server
2024-03-27 13:43:11 [right meow!] info: Successfully started the server
2024-03-27 13:43:24 [right meow!] info: Successfully started the server
2024-03-27 13:43:26 [right meow!] info: Successfully started the server
2024-03-27 13:44:10 [right meow!] info: Successfully started the server
2024-03-27 13:44:47 [right meow!] info: Successfully started the server
2024-03-27 13:44:49 [right meow!] info: Successfully started the server
2024-03-27 13:44:51 [right meow!] info: Successfully started the server
2024-03-27 13:44:53 [right meow!] info: Successfully started the server
2024-03-27 14:05:31 [right meow!] info: Successfully started the server
2024-03-27 14:05:40 [right meow!] error: Something went wrong in the crud repo : create
2024-03-27 14:06:27 [right meow!] info: Successfully started the server
2024-03-27 14:08:12 [right meow!] info: Successfully started the server
2024-03-27 14:08:14 [right meow!] info: Successfully started the server
2024-03-27 14:08:22 [right meow!] info: Successfully started the server
2024-03-27 14:08:23 [right meow!] info: Successfully started the server
2024-03-27 14:08:27 [right meow!] info: Successfully started the server
2024-03-27 14:08:34 [right meow!] error: Something went wrong in the crud repo : create
2024-03-27 14:11:17 [right meow!] info: Successfully started the server
2024-03-27 14:12:25 [right meow!] info: Successfully started the server
2024-03-27 14:12:29 [right meow!] info: Successfully started the server
2024-03-27 14:12:35 [right meow!] error: Something went wrong in the crud repo : create
2024-03-27 14:12:54 [right meow!] info: Successfully started the server
2024-03-27 14:12:57 [right meow!] info: Successfully started the server
2024-03-27 14:13:01 [right meow!] info: Successfully started the server
2024-03-27 14:13:13 [right meow!] error: Something went wrong in the crud repo : create
2024-03-27 14:14:53 [right meow!] info: Successfully started the server
2024-03-27 14:14:57 [right meow!] error: Something went wrong in the crud repo : create
2024-03-27 14:15:17 [right meow!] info: Successfully started the server
2024-03-27 14:15:19 [right meow!] error: Something went wrong in the crud repo : create
2024-03-27 14:17:19 [right meow!] info: Successfully started the server
2024-03-27 14:17:21 [right meow!] info: Successfully started the server
2024-03-27 14:17:24 [right meow!] info: Successfully started the server
2024-03-27 14:17:26 [right meow!] info: Successfully started the server
2024-03-27 14:18:08 [right meow!] info: Successfully started the server
2024-03-27 14:19:25 [right meow!] error: Something went wrong in the crud repo : create
2024-03-27 14:21:37 [right meow!] info: Successfully started the server
2024-03-27 16:34:58 [right meow!] info: Successfully started the server
2024-03-27 16:35:50 [right meow!] info: Successfully started the server
2024-03-27 16:35:54 [right meow!] info: Successfully started the server
2024-03-27 16:35:59 [right meow!] info: Successfully started the server
2024-03-27 16:36:00 [right meow!] info: Successfully started the server
2024-03-27 16:36:02 [right meow!] info: Successfully started the server
2024-03-27 16:36:06 [right meow!] info: Successfully started the server
2024-03-27 16:36:09 [right meow!] info: Successfully started the server
2024-03-27 16:36:11 [right meow!] info: Successfully started the server
2024-03-27 16:36:12 [right meow!] info: Successfully started the server
2024-03-27 16:36:14 [right meow!] info: Successfully started the server
2024-03-27 16:36:16 [right meow!] info: Successfully started the server
2024-03-27 16:36:18 [right meow!] info: Successfully started the server
2024-03-27 16:36:24 [right meow!] info: Successfully started the server
2024-03-27 16:36:31 [right meow!] info: Successfully started the server
2024-03-27 16:36:34 [right meow!] info: Successfully started the server
2024-03-27 16:36:36 [right meow!] info: Successfully started the server
2024-03-27 16:36:38 [right meow!] info: Successfully started the server
2024-03-27 16:36:42 [right meow!] info: Successfully started the server
2024-03-27 16:36:44 [right meow!] info: Successfully started the server
2024-03-27 16:36:48 [right meow!] info: Successfully started the server
2024-03-27 16:36:52 [right meow!] info: Successfully started the server
2024-03-27 16:36:54 [right meow!] info: Successfully started the server
2024-03-27 16:36:56 [right meow!] info: Successfully started the server
2024-03-27 16:36:58 [right meow!] info: Successfully started the server
2024-03-27 16:37:01 [right meow!] info: Successfully started the server
2024-03-27 16:37:03 [right meow!] info: Successfully started the server
2024-03-27 16:37:11 [right meow!] info: Successfully started the server
2024-03-27 16:37:18 [right meow!] info: Successfully started the server
2024-03-27 16:37:23 [right meow!] info: Successfully started the server
2024-03-27 16:37:25 [right meow!] info: Successfully started the server
2024-03-27 16:37:28 [right meow!] info: Successfully started the server
2024-03-27 16:37:33 [right meow!] info: Successfully started the server
2024-03-27 16:37:35 [right meow!] info: Successfully started the server
2024-03-27 16:37:41 [right meow!] info: Successfully started the server
2024-03-27 16:37:46 [right meow!] info: Successfully started the server
2024-03-27 16:37:49 [right meow!] info: Successfully started the server
2024-03-27 16:37:52 [right meow!] info: Successfully started the server
2024-03-27 16:37:53 [right meow!] info: Successfully started the server
2024-03-27 16:37:54 [right meow!] info: Successfully started the server
2024-03-27 16:38:00 [right meow!] info: Successfully started the server
2024-03-27 16:38:05 [right meow!] info: Successfully started the server
2024-03-27 16:38:07 [right meow!] info: Successfully started the server
2024-03-27 16:38:10 [right meow!] info: Successfully started the server
2024-03-27 16:38:11 [right meow!] info: Successfully started the server
2024-03-27 16:38:14 [right meow!] info: Successfully started the server
2024-03-27 16:38:16 [right meow!] info: Successfully started the server
2024-03-27 16:38:20 [right meow!] info: Successfully started the server
2024-03-27 16:38:28 [right meow!] info: Successfully started the server
2024-03-27 16:38:31 [right meow!] info: Successfully started the server
2024-03-27 16:38:36 [right meow!] info: Successfully started the server
2024-03-27 16:38:38 [right meow!] info: Successfully started the server
2024-03-27 16:38:48 [right meow!] info: Successfully started the server
2024-03-27 16:38:50 [right meow!] info: Successfully started the server
2024-03-27 16:38:53 [right meow!] info: Successfully started the server
2024-03-27 16:38:57 [right meow!] info: Successfully started the server
2024-03-27 16:39:00 [right meow!] info: Successfully started the server
2024-03-27 16:39:06 [right meow!] info: Successfully started the server
2024-03-27 16:39:09 [right meow!] info: Successfully started the server
2024-03-27 16:39:11 [right meow!] info: Successfully started the server
2024-03-27 16:39:14 [right meow!] info: Successfully started the server
2024-03-27 16:39:29 [right meow!] info: Successfully started the server
2024-03-27 16:39:31 [right meow!] info: Successfully started the server
2024-03-27 16:39:34 [right meow!] info: Successfully started the server
2024-03-27 16:39:40 [right meow!] info: Successfully started the server
2024-03-27 16:39:41 [right meow!] info: Successfully started the server
2024-03-27 16:39:44 [right meow!] info: Successfully started the server
2024-03-27 16:39:46 [right meow!] info: Successfully started the server
2024-03-27 16:39:48 [right meow!] info: Successfully started the server
2024-03-27 16:39:51 [right meow!] info: Successfully started the server
2024-03-27 16:40:47 [right meow!] info: Successfully started the server
2024-03-27 16:41:31 [right meow!] info: Successfully started the server
2024-03-27 17:39:56 [right meow!] info: Successfully started the server
2024-03-27 17:40:16 [right meow!] info: Successfully started the server
2024-03-27 17:40:25 [right meow!] info: Successfully started the server
2024-03-27 17:40:28 [right meow!] info: Successfully started the server
2024-03-27 17:40:30 [right meow!] info: Successfully started the server
2024-03-27 17:41:01 [right meow!] info: Successfully started the server
2024-03-27 17:41:06 [right meow!] info: Successfully started the server
2024-03-27 17:41:07 [right meow!] info: Successfully started the server
2024-03-27 17:41:10 [right meow!] info: Successfully started the server
2024-03-27 17:41:14 [right meow!] info: Successfully started the server
2024-03-27 17:41:19 [right meow!] info: Successfully started the server
2024-03-27 17:41:22 [right meow!] info: Successfully started the server
2024-03-27 17:41:26 [right meow!] info: Successfully started the server
2024-03-27 17:41:30 [right meow!] info: Successfully started the server
2024-03-27 17:41:33 [right meow!] info: Successfully started the server
2024-03-27 17:41:35 [right meow!] info: Successfully started the server
2024-03-27 17:41:38 [right meow!] info: Successfully started the server
2024-03-27 17:41:52 [right meow!] info: Successfully started the server
2024-03-27 17:41:59 [right meow!] info: Successfully started the server
2024-03-27 17:42:05 [right meow!] info: Successfully started the server
2024-03-27 17:42:09 [right meow!] info: Successfully started the server
2024-03-27 17:42:11 [right meow!] info: Successfully started the server
2024-03-27 17:42:15 [right meow!] info: Successfully started the server
2024-03-27 17:42:20 [right meow!] info: Successfully started the server
2024-03-27 17:42:21 [right meow!] info: Successfully started the server
2024-03-27 17:43:38 [right meow!] info: Successfully started the server
2024-03-27 17:43:50 [right meow!] info: Successfully started the server
2024-03-27 17:43:59 [right meow!] info: Successfully started the server
2024-03-27 17:44:01 [right meow!] info: Successfully started the server
2024-03-27 17:44:03 [right meow!] info: Successfully started the server
2024-03-27 17:44:06 [right meow!] info: Successfully started the server
2024-03-27 17:44:09 [right meow!] info: Successfully started the server
2024-03-27 17:44:12 [right meow!] info: Successfully started the server
2024-03-27 17:44:14 [right meow!] info: Successfully started the server
2024-03-27 17:44:17 [right meow!] info: Successfully started the server
2024-03-27 17:44:19 [right meow!] info: Successfully started the server
2024-03-27 17:44:23 [right meow!] info: Successfully started the server
2024-03-27 17:44:27 [right meow!] info: Successfully started the server
2024-03-27 17:44:30 [right meow!] info: Successfully started the server
2024-03-27 17:44:34 [right meow!] info: Successfully started the server
2024-03-27 17:44:36 [right meow!] info: Successfully started the server
2024-03-27 17:44:37 [right meow!] info: Successfully started the server
2024-03-27 17:44:43 [right meow!] info: Successfully started the server
2024-03-27 17:44:47 [right meow!] info: Successfully started the server
2024-03-27 17:44:55 [right meow!] info: Successfully started the server
2024-03-27 17:45:02 [right meow!] info: Successfully started the server
2024-03-27 17:45:04 [right meow!] info: Successfully started the server
2024-03-27 17:45:06 [right meow!] info: Successfully started the server
2024-03-27 17:45:07 [right meow!] info: Successfully started the server
2024-03-27 17:45:15 [right meow!] info: Successfully started the server
2024-03-27 17:45:19 [right meow!] info: Successfully started the server
2024-03-27 17:45:24 [right meow!] info: Successfully started the server
2024-03-27 17:45:42 [right meow!] info: Successfully started the server
2024-03-27 17:45:46 [right meow!] info: Successfully started the server
2024-03-27 17:45:47 [right meow!] info: Successfully started the server
2024-03-27 17:45:49 [right meow!] info: Successfully started the server
2024-03-27 17:46:01 [right meow!] info: Successfully started the server
2024-03-27 17:46:07 [right meow!] info: Successfully started the server
2024-03-27 17:46:12 [right meow!] info: Successfully started the server
2024-03-27 17:46:14 [right meow!] info: Successfully started the server
2024-03-27 17:46:17 [right meow!] info: Successfully started the server
2024-03-27 17:46:19 [right meow!] info: Successfully started the server
2024-03-27 17:46:24 [right meow!] info: Successfully started the server
2024-03-27 17:46:28 [right meow!] info: Successfully started the server
2024-03-27 17:46:32 [right meow!] info: Successfully started the server
2024-03-27 17:46:34 [right meow!] info: Successfully started the server
2024-03-27 17:46:35 [right meow!] info: Successfully started the server
2024-03-27 17:46:40 [right meow!] info: Successfully started the server
2024-03-27 17:46:42 [right meow!] info: Successfully started the server
2024-03-27 17:46:43 [right meow!] info: Successfully started the server
2024-03-27 17:46:52 [right meow!] info: Successfully started the server
2024-03-27 17:49:47 [right meow!] info: Successfully started the server
2024-03-27 17:49:48 [right meow!] info: Successfully started the server
2024-03-27 17:50:01 [right meow!] info: Successfully started the server
2024-03-27 17:50:03 [right meow!] info: Successfully started the server
2024-03-27 17:50:05 [right meow!] info: Successfully started the server
2024-03-27 17:50:06 [right meow!] info: Successfully started the server
2024-03-27 17:50:08 [right meow!] info: Successfully started the server
2024-03-27 17:50:11 [right meow!] info: Successfully started the server
2024-03-27 17:50:15 [right meow!] info: Successfully started the server
2024-03-27 17:51:02 [right meow!] info: Successfully started the server
2024-03-27 17:51:09 [right meow!] info: Successfully started the server
2024-03-27 17:51:11 [right meow!] info: Successfully started the server
2024-03-27 17:51:14 [right meow!] info: Successfully started the server
2024-03-27 17:51:18 [right meow!] info: Successfully started the server
2024-03-27 17:52:18 [right meow!] info: Successfully started the server
2024-03-27 17:52:20 [right meow!] info: Successfully started the server
2024-03-27 17:52:21 [right meow!] info: Successfully started the server
2024-03-27 17:52:30 [right meow!] info: Successfully started the server
2024-03-27 17:52:31 [right meow!] info: Successfully started the server
2024-03-27 17:52:32 [right meow!] info: Successfully started the server
2024-03-27 17:58:20 [right meow!] info: Successfully started the server
2024-03-27 17:58:38 [right meow!] info: Successfully started the server
2024-03-27 17:58:40 [right meow!] info: Successfully started the server
2024-03-27 17:58:41 [right meow!] info: Successfully started the server
2024-03-27 17:58:46 [right meow!] info: Successfully started the server
2024-03-27 17:58:53 [right meow!] info: Successfully started the server
2024-03-27 17:58:55 [right meow!] info: Successfully started the server
2024-03-27 17:58:59 [right meow!] info: Successfully started the server
2024-03-27 17:59:01 [right meow!] info: Successfully started the server
2024-03-27 17:59:08 [right meow!] info: Successfully started the server
2024-03-27 17:59:08 [right meow!] info: Successfully started the server
2024-03-27 17:59:12 [right meow!] info: Successfully started the server
2024-03-27 17:59:16 [right meow!] info: Successfully started the server
2024-03-27 17:59:22 [right meow!] info: Successfully started the server
2024-03-27 17:59:24 [right meow!] info: Successfully started the server
2024-03-27 17:59:26 [right meow!] info: Successfully started the server
2024-03-27 17:59:51 [right meow!] info: Successfully started the server
2024-03-27 18:01:14 [right meow!] info: Successfully started the server
2024-03-27 18:01:17 [right meow!] info: Successfully started the server
2024-03-27 18:01:18 [right meow!] info: Successfully started the server
2024-03-27 18:01:20 [right meow!] info: Successfully started the server
2024-03-27 18:01:26 [right meow!] info: Successfully started the server
2024-03-27 18:01:34 [right meow!] info: Successfully started the server
2024-03-27 18:01:37 [right meow!] info: Successfully started the server
2024-03-27 18:01:40 [right meow!] info: Successfully started the server
2024-03-27 18:01:41 [right meow!] info: Successfully started the server
2024-03-27 18:01:43 [right meow!] info: Successfully started the server
2024-03-27 18:02:21 [right meow!] info: Successfully started the server
2024-03-27 18:02:39 [right meow!] info: Successfully started the server
2024-03-27 18:03:45 [right meow!] info: Successfully started the server
2024-03-27 18:03:55 [right meow!] error: Something went wrong in the crud repo : create
2024-03-27 18:11:32 [right meow!] info: Successfully started the server
2024-03-27 18:11:38 [right meow!] info: Successfully started the server
2024-03-27 18:11:40 [right meow!] info: Successfully started the server
2024-03-27 18:11:49 [right meow!] info: Successfully started the server
2024-03-27 18:11:54 [right meow!] info: Successfully started the server
2024-03-27 18:11:57 [right meow!] info: Successfully started the server
2024-03-27 18:12:01 [right meow!] info: Successfully started the server
2024-03-27 18:12:03 [right meow!] info: Successfully started the server
2024-03-27 18:12:04 [right meow!] info: Successfully started the server
2024-03-27 18:12:06 [right meow!] info: Successfully started the server
2024-03-27 18:12:11 [right meow!] info: Successfully started the server
2024-03-27 18:12:14 [right meow!] info: Successfully started the server
2024-03-27 18:12:16 [right meow!] info: Successfully started the server
2024-03-27 18:12:19 [right meow!] info: Successfully started the server
2024-03-27 18:12:23 [right meow!] info: Successfully started the server
2024-03-27 18:12:28 [right meow!] info: Successfully started the server
2024-03-27 18:12:30 [right meow!] info: Successfully started the server
2024-03-27 18:12:35 [right meow!] info: Successfully started the server
2024-03-27 18:12:36 [right meow!] info: Successfully started the server
2024-03-27 18:12:40 [right meow!] info: Successfully started the server
2024-03-27 18:12:41 [right meow!] info: Successfully started the server
2024-03-27 18:14:14 [right meow!] error: Something went wrong in the crud repo : create
2024-03-27 18:15:09 [right meow!] info: Successfully started the server
2024-03-27 18:15:15 [right meow!] info: Successfully started the server
2024-03-27 18:15:31 [right meow!] info: Successfully started the server
2024-03-27 18:15:44 [right meow!] info: Successfully started the server
2024-03-27 18:21:36 [right meow!] info: Successfully started the server
2024-03-27 18:22:31 [right meow!] error: Something went wrong in the crud repo : create
2024-03-28 11:57:35 [right meow!] info: Successfully started the server
2024-03-28 11:58:30 [right meow!] info: Successfully started the server
2024-03-28 11:58:34 [right meow!] info: Successfully started the server
2024-03-28 11:58:57 [right meow!] info: Successfully started the server
